<?xml version="1.0" encoding="UTF-8"?>
<!-- Generated by org.testng.reporters.JUnitXMLReporter -->
<testsuite ignored="0" hostname="DESKTOP-TSIN61J" failures="0" tests="4" name="Test" time="18.162" errors="0" timestamp="2023-04-01T12:49:57 IST">
  <testcase classname="api.test.User_Tests2" name="testPostUser" time="7.48"/>
  <testcase classname="api.test.User_Tests2" name="testGetUserByName" time="1.854"/>
  <testcase classname="api.test.User_Tests2" name="updateUser" time="3.488"/>
  <testcase classname="api.test.User_Tests2" name="TestdeleteUser" time="1.598"/>
</testsuite> <!-- Test -->
