<?xml version="1.0" encoding="UTF-8"?>
<testng-results ignored="0" total="4" passed="4" failed="0" skipped="0">
  <reporter-output>
  </reporter-output>
  <suite started-at="2023-04-01T13:44:17 IST" name="PetSuite" finished-at="2023-04-01T13:44:33 IST" duration-ms="16653">
    <groups>
    </groups>
    <test started-at="2023-04-01T13:44:17 IST" name="Test" finished-at="2023-04-01T13:44:33 IST" duration-ms="16653">
      <class name="api.test.User_Tests">
        <test-method is-config="true" signature="setupData()[pri:0, instance:api.test.User_Tests@3d74bf60]" started-at="2023-04-01T13:44:17 IST" name="setupData" finished-at="2023-04-01T13:44:19 IST" duration-ms="2222" status="PASS">
          <reporter-output>
          </reporter-output>
        </test-method> <!-- setupData -->
        <test-method signature="testPostUser()[pri:1, instance:api.test.User_Tests@3d74bf60]" started-at="2023-04-01T13:44:19 IST" name="testPostUser" finished-at="2023-04-01T13:44:27 IST" duration-ms="7225" status="PASS">
          <reporter-output>
          </reporter-output>
        </test-method> <!-- testPostUser -->
        <test-method signature="testGetUserByName()[pri:2, instance:api.test.User_Tests@3d74bf60]" started-at="2023-04-01T13:44:27 IST" name="testGetUserByName" finished-at="2023-04-01T13:44:28 IST" duration-ms="1654" status="PASS">
          <reporter-output>
          </reporter-output>
        </test-method> <!-- testGetUserByName -->
        <test-method signature="updateUser()[pri:3, instance:api.test.User_Tests@3d74bf60]" started-at="2023-04-01T13:44:28 IST" name="updateUser" finished-at="2023-04-01T13:44:32 IST" duration-ms="3191" status="PASS">
          <reporter-output>
          </reporter-output>
        </test-method> <!-- updateUser -->
        <test-method signature="TestdeleteUser()[pri:4, instance:api.test.User_Tests@3d74bf60]" started-at="2023-04-01T13:44:32 IST" name="TestdeleteUser" finished-at="2023-04-01T13:44:33 IST" duration-ms="1597" status="PASS">
          <reporter-output>
          </reporter-output>
        </test-method> <!-- TestdeleteUser -->
      </class> <!-- api.test.User_Tests -->
    </test> <!-- Test -->
  </suite> <!-- PetSuite -->
</testng-results>
