<?xml version="1.0" encoding="UTF-8"?>
<testng-results ignored="0" total="4" passed="4" failed="0" skipped="0">
  <reporter-output>
  </reporter-output>
  <suite started-at="2023-04-01T12:49:38 IST" name="Suite" finished-at="2023-04-01T12:49:56 IST" duration-ms="18162">
    <groups>
    </groups>
    <test started-at="2023-04-01T12:49:38 IST" name="Test" finished-at="2023-04-01T12:49:56 IST" duration-ms="18162">
      <class name="api.test.User_Tests2">
        <test-method is-config="true" signature="setupData()[pri:0, instance:api.test.User_Tests2@10e31a9a]" started-at="2023-04-01T12:49:39 IST" name="setupData" finished-at="2023-04-01T12:49:41 IST" duration-ms="2670" status="PASS">
          <reporter-output>
          </reporter-output>
        </test-method> <!-- setupData -->
        <test-method signature="testPostUser()[pri:1, instance:api.test.User_Tests2@10e31a9a]" started-at="2023-04-01T12:49:41 IST" name="testPostUser" finished-at="2023-04-01T12:49:49 IST" duration-ms="7480" status="PASS">
          <reporter-output>
          </reporter-output>
        </test-method> <!-- testPostUser -->
        <test-method signature="testGetUserByName()[pri:2, instance:api.test.User_Tests2@10e31a9a]" started-at="2023-04-01T12:49:49 IST" name="testGetUserByName" finished-at="2023-04-01T12:49:51 IST" duration-ms="1854" status="PASS">
          <reporter-output>
          </reporter-output>
        </test-method> <!-- testGetUserByName -->
        <test-method signature="updateUser()[pri:3, instance:api.test.User_Tests2@10e31a9a]" started-at="2023-04-01T12:49:51 IST" name="updateUser" finished-at="2023-04-01T12:49:54 IST" duration-ms="3488" status="PASS">
          <reporter-output>
          </reporter-output>
        </test-method> <!-- updateUser -->
        <test-method signature="TestdeleteUser()[pri:4, instance:api.test.User_Tests2@10e31a9a]" started-at="2023-04-01T12:49:54 IST" name="TestdeleteUser" finished-at="2023-04-01T12:49:56 IST" duration-ms="1598" status="PASS">
          <reporter-output>
          </reporter-output>
        </test-method> <!-- TestdeleteUser -->
      </class> <!-- api.test.User_Tests2 -->
    </test> <!-- Test -->
  </suite> <!-- Suite -->
</testng-results>
