<?xml version="1.0" encoding="UTF-8"?>
<!-- Generated by org.testng.reporters.JUnitXMLReporter -->
<testsuite ignored="0" hostname="DESKTOP-TSIN61J" failures="0" tests="4" name="Test" time="16.653" errors="0" timestamp="2023-04-01T13:44:34 IST">
  <testcase classname="api.test.User_Tests" name="testPostUser" time="7.225"/>
  <testcase classname="api.test.User_Tests" name="testGetUserByName" time="1.654"/>
  <testcase classname="api.test.User_Tests" name="updateUser" time="3.191"/>
  <testcase classname="api.test.User_Tests" name="TestdeleteUser" time="1.597"/>
</testsuite> <!-- Test -->
