<?xml version="1.0" encoding="UTF-8"?>
<!-- Generated by org.testng.reporters.JUnitXMLReporter -->
<testsuite ignored="0" hostname="DESKTOP-TSIN61J" failures="0" tests="4" name="Test" time="21.934" errors="0" timestamp="2023-03-31T15:12:57 IST">
  <testcase classname="api.test.User_Tests" name="testPostUser" time="7.154"/>
  <testcase classname="api.test.User_Tests" name="testGetUserByName" time="1.879"/>
  <testcase classname="api.test.User_Tests" name="updateUser" time="7.696"/>
  <testcase classname="api.test.User_Tests" name="TestdeleteUser" time="1.586"/>
</testsuite> <!-- Test -->
